<?xml version="1.0" encoding="UTF-8"?>
<!-- Generated by org.testng.reporters.JUnitReportReporter -->
<testsuite hostname="Bujuku" failures="0" tests="1" name="com.simplilearn.restassuredtest.RegisterRequestTest" time="0.571" errors="0" timestamp="2024-01-22T18:00:12 IST" skipped="0">
  <testcase classname="com.simplilearn.restassuredtest.RegisterRequestTest" name="testOnRegisterRequest" time="0.571"/>
</testsuite> <!-- com.simplilearn.restassuredtest.RegisterRequestTest -->
