<?xml version="1.0" encoding="UTF-8"?>
<!-- Generated by org.testng.reporters.JUnitReportReporter -->
<testsuite hostname="Bujuku" failures="0" tests="3" name="com.simplilearn.restassuredtest.GetUserRequestTest" time="4.184" errors="0" timestamp="2024-01-22T18:00:12 IST" skipped="0">
  <testcase classname="com.simplilearn.restassuredtest.GetUserRequestTest" name="getRequestWithQueryParmsTest" time="0.808"/>
  <testcase classname="com.simplilearn.restassuredtest.GetUserRequestTest" name="getRequestTest" time="2.755"/>
  <testcase classname="com.simplilearn.restassuredtest.GetUserRequestTest" name="getRequestWithUserIdTest" time="0.621"/>
</testsuite> <!-- com.simplilearn.restassuredtest.GetUserRequestTest -->
