<?xml version="1.0" encoding="UTF-8"?>
<!-- Generated by org.testng.reporters.JUnitReportReporter -->
<testsuite hostname="Bujuku" failures="0" tests="1" name="com.simplilearn.restassuredtest.LoginRequestTest" time="1.146" errors="0" timestamp="2024-01-22T18:00:12 IST" skipped="0">
  <testcase classname="com.simplilearn.restassuredtest.LoginRequestTest" name="testOnLoginRequest" time="1.146"/>
</testsuite> <!-- com.simplilearn.restassuredtest.LoginRequestTest -->
